{
  "RSpec": {
    "coverage": {
      "/Users/konradschlatte/projects/rock_paper/app.rb": [
        1,
        1,
        1,
        1,
        null,
        1,
        null,
        1,
        null,
        1,
        null,
        6,
        null,
        null,
        null,
        1,
        6,
        6,
        6,
        6,
        null,
        null,
        null,
        1,
        4,
        4,
        4,
        4,
        4,
        4,
        null,
        4,
        null,
        null,
        1,
        null
      ],
      "/Users/konradschlatte/projects/rock_paper/views/game.rb": [
        1,
        null,
        1,
        null,
        1,
        14,
        14,
        null,
        null,
        null,
        1,
        2,
        null,
        null,
        1,
        null,
        13,
        null,
        13,
        4,
        9,
        2,
        7,
        2,
        5,
        2,
        3,
        1,
        2,
        1,
        1,
        1,
        null,
        null,
        null,
        1,
        4,
        null,
        null,
        null
      ],
      "/Users/konradschlatte/projects/rock_paper/views/player.rb": [
        1,
        null,
        1,
        null,
        1,
        null,
        7,
        7,
        null,
        null
      ],
      "/Users/konradschlatte/projects/rock_paper/spec/features/web_helpers.rb": [
        1,
        null,
        6,
        null,
        6,
        6,
        6,
        null,
        null
      ],
      "/Users/konradschlatte/projects/rock_paper/spec/features/capybara_feature_test_spec.rb": [
        1,
        null,
        null,
        1,
        null,
        1,
        1,
        1,
        null,
        null,
        1,
        1,
        1,
        null,
        null,
        1,
        1,
        1,
        1,
        null,
        null,
        1,
        1,
        1,
        1,
        1,
        null,
        null,
        1,
        1,
        1,
        1,
        1,
        null,
        null,
        1,
        1,
        1,
        1,
        1,
        null,
        null,
        null
      ],
      "/Users/konradschlatte/projects/rock_paper/spec/game_spec.rb": [
        1,
        null,
        1,
        null,
        1,
        1,
        1,
        null,
        null,
        1,
        1,
        2,
        1,
        null,
        null,
        1,
        1,
        2,
        1,
        null,
        null,
        1,
        1,
        2,
        1,
        null,
        null,
        1,
        1,
        2,
        1,
        null,
        null,
        1,
        1,
        2,
        1,
        null,
        null,
        1,
        1,
        2,
        1,
        null,
        null,
        1,
        1,
        2,
        1,
        null,
        null,
        1,
        1,
        2,
        1,
        null,
        null,
        1,
        1,
        2,
        1,
        null,
        null,
        null
      ],
      "/Users/konradschlatte/projects/rock_paper/spec/player_spec.rb": [
        1,
        null,
        1,
        null,
        1,
        null,
        1,
        null,
        1,
        1,
        null,
        null,
        null,
        null,
        null
      ]
    },
    "timestamp": 1503222312
  }
}
